make -C librh
make[1]: Entering directory '/d/rhe/src/librh'
$PLATFORM is 
$INCDIR   is /rhe/include
$EXEDIR   is ~/.local/bin
$LIBDIR   is ~/.local/lib
gcc -I /rhe/include -DPLATFORM_IS_LINUX -D_GNU_SOURCE -Wall -Wextra -Wfloat-equal -Wshadow -Wcast-qual -Wcast-align -Wconversion -Wcomments -Wundef -Wunused-macros -Wold-style-definition -Wnested-externs -finput-charset=UTF-8 -std=gnu17   -c -O2 /rhe/src/librh/rhmathc.c -o ~/.local/lib/rhmathc.o
ar -r /home/aragorn/.local/lib/librh.a ~/.local/lib/rhmathc.o
rm ~/.local/lib/rhmathc.o
rhmathc.o is now updated and archived.
~~~~~~~~~~~~~~~~~~~~~~~~~~~~~~~~~~~~~~~~~~~~~~~~~~~~~~~~~~~~~~~~~
gcc -I /rhe/include -DPLATFORM_IS_LINUX -D_GNU_SOURCE -Wall -Wextra -Wfloat-equal -Wshadow -Wcast-qual -Wcast-align -Wconversion -Wcomments -Wundef -Wunused-macros -Wold-style-definition -Wnested-externs -finput-charset=UTF-8 -std=gnu17   -c -O2 /rhe/src/librh/rhutilc.c -o ~/.local/lib/rhutilc.o
ar -r /home/aragorn/.local/lib/librh.a ~/.local/lib/rhutilc.o
rm ~/.local/lib/rhutilc.o
rhutilc.o is now updated and archived.
~~~~~~~~~~~~~~~~~~~~~~~~~~~~~~~~~~~~~~~~~~~~~~~~~~~~~~~~~~~~~~~~~
gcc -I /rhe/include -DPLATFORM_IS_LINUX -D_GNU_SOURCE -Wall -Wextra -Wfloat-equal -Wshadow -Wcast-qual -Wcast-align -Wconversion -Wcomments -Wundef -Wunused-macros -Wold-style-definition -Wnested-externs -finput-charset=UTF-8 -std=gnu17   -c -O2 /rhe/src/librh/rhncgraphics.c -o ~/.local/lib/rhncgraphics.o
ar -r /home/aragorn/.local/lib/librh.a ~/.local/lib/rhncgraphics.o
rm ~/.local/lib/rhncgraphics.o
rhncgraphics.o is now updated and archived.
~~~~~~~~~~~~~~~~~~~~~~~~~~~~~~~~~~~~~~~~~~~~~~~~~~~~~~~~~~~~~~~~~
g++ -I /rhe/include -DPLATFORM_IS_LINUX -D_GNU_SOURCE -Wall -Wextra -Wfloat-equal -Wshadow -Wcast-qual -Wcast-align -Wconversion -Wcomments -Wundef -Wunused-macros -Wold-style-cast -Woverloaded-virtual -finput-charset=UTF-8 -std=gnu++17 -c -O2 /rhe/src/librh/rhmath.cpp -o ~/.local/lib/rhmath.o
ar -r /home/aragorn/.local/lib/librh.a ~/.local/lib/rhmath.o
rm ~/.local/lib/rhmath.o
rhmath.o is now updated and archived.
~~~~~~~~~~~~~~~~~~~~~~~~~~~~~~~~~~~~~~~~~~~~~~~~~~~~~~~~~~~~~~~~~
g++ -I /rhe/include -DPLATFORM_IS_LINUX -D_GNU_SOURCE -Wall -Wextra -Wfloat-equal -Wshadow -Wcast-qual -Wcast-align -Wconversion -Wcomments -Wundef -Wunused-macros -Wold-style-cast -Woverloaded-virtual -finput-charset=UTF-8 -std=gnu++17 -c -O2 /rhe/src/librh/rhutil.cpp -o ~/.local/lib/rhutil.o
ar -r /home/aragorn/.local/lib/librh.a ~/.local/lib/rhutil.o
rm ~/.local/lib/rhutil.o
rhutil.o is now updated and archived.
~~~~~~~~~~~~~~~~~~~~~~~~~~~~~~~~~~~~~~~~~~~~~~~~~~~~~~~~~~~~~~~~~
g++ -I /rhe/include -DPLATFORM_IS_LINUX -D_GNU_SOURCE -Wall -Wextra -Wfloat-equal -Wshadow -Wcast-qual -Wcast-align -Wconversion -Wcomments -Wundef -Wunused-macros -Wold-style-cast -Woverloaded-virtual -finput-charset=UTF-8 -std=gnu++17 -c -O2 /rhe/src/librh/rhdir.cpp -o ~/.local/lib/rhdir.o
ar -r /home/aragorn/.local/lib/librh.a ~/.local/lib/rhdir.o
rm ~/.local/lib/rhdir.o
rhdir.o is now updated and archived.
~~~~~~~~~~~~~~~~~~~~~~~~~~~~~~~~~~~~~~~~~~~~~~~~~~~~~~~~~~~~~~~~~
g++ -I /rhe/include -DPLATFORM_IS_LINUX -D_GNU_SOURCE -Wall -Wextra -Wfloat-equal -Wshadow -Wcast-qual -Wcast-align -Wconversion -Wcomments -Wundef -Wunused-macros -Wold-style-cast -Woverloaded-virtual -finput-charset=UTF-8 -std=gnu++17 -c -O2 /rhe/src/librh/rhbitmap.cpp -o ~/.local/lib/rhbitmap.o
ar -r /home/aragorn/.local/lib/librh.a ~/.local/lib/rhbitmap.o
rm ~/.local/lib/rhbitmap.o
rhbitmap.o is now updated and archived.
~~~~~~~~~~~~~~~~~~~~~~~~~~~~~~~~~~~~~~~~~~~~~~~~~~~~~~~~~~~~~~~~~
g++ -I /rhe/include -DPLATFORM_IS_LINUX -D_GNU_SOURCE -Wall -Wextra -Wfloat-equal -Wshadow -Wcast-qual -Wcast-align -Wconversion -Wcomments -Wundef -Wunused-macros -Wold-style-cast -Woverloaded-virtual -finput-charset=UTF-8 -std=gnu++17 -c -O2 /rhe/src/librh/rhregex.cpp -o ~/.local/lib/rhregex.o
ar -r /home/aragorn/.local/lib/librh.a ~/.local/lib/rhregex.o
rm ~/.local/lib/rhregex.o
rhregex.o is now updated and archived.
~~~~~~~~~~~~~~~~~~~~~~~~~~~~~~~~~~~~~~~~~~~~~~~~~~~~~~~~~~~~~~~~~
Robbie Hatley's Library Program Collection is up to date.
make[1]: Leaving directory '/d/rhe/src/librh'
make -C fractals
make[1]: Entering directory '/d/rhe/src/fractals'
$PLATFORM is 
$INCDIR   is /rhe/include
$EXEDIR   is ~/.local/bin/fractals
$LIBDIR   is ~/.local/lib
gcc -I /rhe/include -DPLATFORM_IS_LINUX -D_GNU_SOURCE -Wall -Wextra -Wfloat-equal -Wshadow -Wcast-qual -Wcast-align -Wconversion -Wcomments -Wundef -Wunused-macros -Wold-style-definition -Wnested-externs -finput-charset=UTF-8 -std=gnu17   -c -O2 /rhe/src/librh/rhmathc.c -o ~/.local/lib/rhmathc.o
ar -r /home/aragorn/.local/lib/librh.a ~/.local/lib/rhmathc.o
rm ~/.local/lib/rhmathc.o
rhmathc.o is now updated and archived.
~~~~~~~~~~~~~~~~~~~~~~~~~~~~~~~~~~~~~~~~~~~~~~~~~~~~~~~~~~~~~~~~~
gcc -I /rhe/include -DPLATFORM_IS_LINUX -D_GNU_SOURCE -Wall -Wextra -Wfloat-equal -Wshadow -Wcast-qual -Wcast-align -Wconversion -Wcomments -Wundef -Wunused-macros -Wold-style-definition -Wnested-externs -finput-charset=UTF-8 -std=gnu17   -c -O2 /rhe/src/librh/rhutilc.c -o ~/.local/lib/rhutilc.o
ar -r /home/aragorn/.local/lib/librh.a ~/.local/lib/rhutilc.o
rm ~/.local/lib/rhutilc.o
rhutilc.o is now updated and archived.
~~~~~~~~~~~~~~~~~~~~~~~~~~~~~~~~~~~~~~~~~~~~~~~~~~~~~~~~~~~~~~~~~
gcc -I /rhe/include -DPLATFORM_IS_LINUX -D_GNU_SOURCE -Wall -Wextra -Wfloat-equal -Wshadow -Wcast-qual -Wcast-align -Wconversion -Wcomments -Wundef -Wunused-macros -Wold-style-definition -Wnested-externs -finput-charset=UTF-8 -std=gnu17   -c -O2 /rhe/src/librh/rhncgraphics.c -o ~/.local/lib/rhncgraphics.o
ar -r /home/aragorn/.local/lib/librh.a ~/.local/lib/rhncgraphics.o
rm ~/.local/lib/rhncgraphics.o
rhncgraphics.o is now updated and archived.
~~~~~~~~~~~~~~~~~~~~~~~~~~~~~~~~~~~~~~~~~~~~~~~~~~~~~~~~~~~~~~~~~
g++ -I /rhe/include -DPLATFORM_IS_LINUX -D_GNU_SOURCE -Wall -Wextra -Wfloat-equal -Wshadow -Wcast-qual -Wcast-align -Wconversion -Wcomments -Wundef -Wunused-macros -Wold-style-cast -Woverloaded-virtual -finput-charset=UTF-8 -std=gnu++17 -c -O2 /rhe/src/librh/rhmath.cpp -o ~/.local/lib/rhmath.o
ar -r /home/aragorn/.local/lib/librh.a ~/.local/lib/rhmath.o
rm ~/.local/lib/rhmath.o
rhmath.o is now updated and archived.
~~~~~~~~~~~~~~~~~~~~~~~~~~~~~~~~~~~~~~~~~~~~~~~~~~~~~~~~~~~~~~~~~
g++ -I /rhe/include -DPLATFORM_IS_LINUX -D_GNU_SOURCE -Wall -Wextra -Wfloat-equal -Wshadow -Wcast-qual -Wcast-align -Wconversion -Wcomments -Wundef -Wunused-macros -Wold-style-cast -Woverloaded-virtual -finput-charset=UTF-8 -std=gnu++17 -c -O2 /rhe/src/librh/rhutil.cpp -o ~/.local/lib/rhutil.o
ar -r /home/aragorn/.local/lib/librh.a ~/.local/lib/rhutil.o
rm ~/.local/lib/rhutil.o
rhutil.o is now updated and archived.
~~~~~~~~~~~~~~~~~~~~~~~~~~~~~~~~~~~~~~~~~~~~~~~~~~~~~~~~~~~~~~~~~
g++ -I /rhe/include -DPLATFORM_IS_LINUX -D_GNU_SOURCE -Wall -Wextra -Wfloat-equal -Wshadow -Wcast-qual -Wcast-align -Wconversion -Wcomments -Wundef -Wunused-macros -Wold-style-cast -Woverloaded-virtual -finput-charset=UTF-8 -std=gnu++17 -c -O2 /rhe/src/librh/rhdir.cpp -o ~/.local/lib/rhdir.o
ar -r /home/aragorn/.local/lib/librh.a ~/.local/lib/rhdir.o
rm ~/.local/lib/rhdir.o
rhdir.o is now updated and archived.
~~~~~~~~~~~~~~~~~~~~~~~~~~~~~~~~~~~~~~~~~~~~~~~~~~~~~~~~~~~~~~~~~
g++ -I /rhe/include -DPLATFORM_IS_LINUX -D_GNU_SOURCE -Wall -Wextra -Wfloat-equal -Wshadow -Wcast-qual -Wcast-align -Wconversion -Wcomments -Wundef -Wunused-macros -Wold-style-cast -Woverloaded-virtual -finput-charset=UTF-8 -std=gnu++17 -c -O2 /rhe/src/librh/rhbitmap.cpp -o ~/.local/lib/rhbitmap.o
ar -r /home/aragorn/.local/lib/librh.a ~/.local/lib/rhbitmap.o
rm ~/.local/lib/rhbitmap.o
rhbitmap.o is now updated and archived.
~~~~~~~~~~~~~~~~~~~~~~~~~~~~~~~~~~~~~~~~~~~~~~~~~~~~~~~~~~~~~~~~~
g++ -I /rhe/include -DPLATFORM_IS_LINUX -D_GNU_SOURCE -Wall -Wextra -Wfloat-equal -Wshadow -Wcast-qual -Wcast-align -Wconversion -Wcomments -Wundef -Wunused-macros -Wold-style-cast -Woverloaded-virtual -finput-charset=UTF-8 -std=gnu++17 -c -O2 /rhe/src/librh/rhregex.cpp -o ~/.local/lib/rhregex.o
ar -r /home/aragorn/.local/lib/librh.a ~/.local/lib/rhregex.o
rm ~/.local/lib/rhregex.o
rhregex.o is now updated and archived.
~~~~~~~~~~~~~~~~~~~~~~~~~~~~~~~~~~~~~~~~~~~~~~~~~~~~~~~~~~~~~~~~~
Using pattern rule %.exe:%.cpp to compile hennon.cpp to hennon.exe:
g++ -I /rhe/include -DPLATFORM_IS_LINUX -D_GNU_SOURCE -Wall -Wextra -Wfloat-equal -Wshadow -Wcast-qual -Wcast-align -Wconversion -Wcomments -Wundef -Wunused-macros -Wold-style-cast -Woverloaded-virtual -finput-charset=UTF-8 -fextended-identifiers -s -O2 -std=gnu++17 hennon.cpp -L~/.local/lib -L/lib -L/usr/lib -lrh -lfl -ly -lm -lname -lncurses -lgmp  -o ~/.local/bin/fractals/hennon.exe
hennon.exe is up to date.
~~~~~~~~~~~~~~~~~~~~~~~~~~~~~~~~~~~~~~~~~~~~~~~~~~~~~~~~~~~~~~~~~
Using pattern rule %.exe:%.cpp to compile julia.cpp to julia.exe:
g++ -I /rhe/include -DPLATFORM_IS_LINUX -D_GNU_SOURCE -Wall -Wextra -Wfloat-equal -Wshadow -Wcast-qual -Wcast-align -Wconversion -Wcomments -Wundef -Wunused-macros -Wold-style-cast -Woverloaded-virtual -finput-charset=UTF-8 -fextended-identifiers -s -O2 -std=gnu++17 julia.cpp -L~/.local/lib -L/lib -L/usr/lib -lrh -lfl -ly -lm -lname -lncurses -lgmp  -o ~/.local/bin/fractals/julia.exe
julia.exe is up to date.
~~~~~~~~~~~~~~~~~~~~~~~~~~~~~~~~~~~~~~~~~~~~~~~~~~~~~~~~~~~~~~~~~
Using pattern rule %.exe:%.cpp to compile mandelbrot.cpp to mandelbrot.exe:
g++ -I /rhe/include -DPLATFORM_IS_LINUX -D_GNU_SOURCE -Wall -Wextra -Wfloat-equal -Wshadow -Wcast-qual -Wcast-align -Wconversion -Wcomments -Wundef -Wunused-macros -Wold-style-cast -Woverloaded-virtual -finput-charset=UTF-8 -fextended-identifiers -s -O2 -std=gnu++17 mandelbrot.cpp -L~/.local/lib -L/lib -L/usr/lib -lrh -lfl -ly -lm -lname -lncurses -lgmp  -o ~/.local/bin/fractals/mandelbrot.exe
mandelbrot.exe is up to date.
~~~~~~~~~~~~~~~~~~~~~~~~~~~~~~~~~~~~~~~~~~~~~~~~~~~~~~~~~~~~~~~~~
Using pattern rule %.exe:%.cpp to compile sierpinski.cpp to sierpinski.exe:
g++ -I /rhe/include -DPLATFORM_IS_LINUX -D_GNU_SOURCE -Wall -Wextra -Wfloat-equal -Wshadow -Wcast-qual -Wcast-align -Wconversion -Wcomments -Wundef -Wunused-macros -Wold-style-cast -Woverloaded-virtual -finput-charset=UTF-8 -fextended-identifiers -s -O2 -std=gnu++17 sierpinski.cpp -L~/.local/lib -L/lib -L/usr/lib -lrh -lfl -ly -lm -lname -lncurses -lgmp  -o ~/.local/bin/fractals/sierpinski.exe
sierpinski.exe is up to date.
~~~~~~~~~~~~~~~~~~~~~~~~~~~~~~~~~~~~~~~~~~~~~~~~~~~~~~~~~~~~~~~~~
Fractals Program Collection is up to date.
make[1]: Leaving directory '/d/rhe/src/fractals'
make -C games
make[1]: Entering directory '/d/rhe/src/games'
$PLATFORM is 
$INCDIR   is /rhe/include
$EXEDIR   is ~/.local/bin/games
$LIBDIR   is ~/.local/lib
gcc -I /rhe/include -DPLATFORM_IS_LINUX -D_GNU_SOURCE -Wall -Wextra -Wfloat-equal -Wshadow -Wcast-qual -Wcast-align -Wconversion -Wcomments -Wundef -Wunused-macros -Wold-style-definition -Wnested-externs -finput-charset=UTF-8 -std=gnu17   -c -O2 /rhe/src/librh/rhmathc.c -o ~/.local/lib/rhmathc.o
ar -r /home/aragorn/.local/lib/librh.a ~/.local/lib/rhmathc.o
rm ~/.local/lib/rhmathc.o
rhmathc.o is now updated and archived.
~~~~~~~~~~~~~~~~~~~~~~~~~~~~~~~~~~~~~~~~~~~~~~~~~~~~~~~~~~~~~~~~~
gcc -I /rhe/include -DPLATFORM_IS_LINUX -D_GNU_SOURCE -Wall -Wextra -Wfloat-equal -Wshadow -Wcast-qual -Wcast-align -Wconversion -Wcomments -Wundef -Wunused-macros -Wold-style-definition -Wnested-externs -finput-charset=UTF-8 -std=gnu17   -c -O2 /rhe/src/librh/rhutilc.c -o ~/.local/lib/rhutilc.o
ar -r /home/aragorn/.local/lib/librh.a ~/.local/lib/rhutilc.o
rm ~/.local/lib/rhutilc.o
rhutilc.o is now updated and archived.
~~~~~~~~~~~~~~~~~~~~~~~~~~~~~~~~~~~~~~~~~~~~~~~~~~~~~~~~~~~~~~~~~
gcc -I /rhe/include -DPLATFORM_IS_LINUX -D_GNU_SOURCE -Wall -Wextra -Wfloat-equal -Wshadow -Wcast-qual -Wcast-align -Wconversion -Wcomments -Wundef -Wunused-macros -Wold-style-definition -Wnested-externs -finput-charset=UTF-8 -std=gnu17   -c -O2 /rhe/src/librh/rhncgraphics.c -o ~/.local/lib/rhncgraphics.o
ar -r /home/aragorn/.local/lib/librh.a ~/.local/lib/rhncgraphics.o
rm ~/.local/lib/rhncgraphics.o
rhncgraphics.o is now updated and archived.
~~~~~~~~~~~~~~~~~~~~~~~~~~~~~~~~~~~~~~~~~~~~~~~~~~~~~~~~~~~~~~~~~
g++ -I /rhe/include -DPLATFORM_IS_LINUX -D_GNU_SOURCE -Wall -Wextra -Wfloat-equal -Wshadow -Wcast-qual -Wcast-align -Wconversion -Wcomments -Wundef -Wunused-macros -Wold-style-cast -Woverloaded-virtual -finput-charset=UTF-8 -std=gnu++17 -c -O2 /rhe/src/librh/rhmath.cpp -o ~/.local/lib/rhmath.o
ar -r /home/aragorn/.local/lib/librh.a ~/.local/lib/rhmath.o
rm ~/.local/lib/rhmath.o
rhmath.o is now updated and archived.
~~~~~~~~~~~~~~~~~~~~~~~~~~~~~~~~~~~~~~~~~~~~~~~~~~~~~~~~~~~~~~~~~
g++ -I /rhe/include -DPLATFORM_IS_LINUX -D_GNU_SOURCE -Wall -Wextra -Wfloat-equal -Wshadow -Wcast-qual -Wcast-align -Wconversion -Wcomments -Wundef -Wunused-macros -Wold-style-cast -Woverloaded-virtual -finput-charset=UTF-8 -std=gnu++17 -c -O2 /rhe/src/librh/rhutil.cpp -o ~/.local/lib/rhutil.o
ar -r /home/aragorn/.local/lib/librh.a ~/.local/lib/rhutil.o
rm ~/.local/lib/rhutil.o
rhutil.o is now updated and archived.
~~~~~~~~~~~~~~~~~~~~~~~~~~~~~~~~~~~~~~~~~~~~~~~~~~~~~~~~~~~~~~~~~
g++ -I /rhe/include -DPLATFORM_IS_LINUX -D_GNU_SOURCE -Wall -Wextra -Wfloat-equal -Wshadow -Wcast-qual -Wcast-align -Wconversion -Wcomments -Wundef -Wunused-macros -Wold-style-cast -Woverloaded-virtual -finput-charset=UTF-8 -std=gnu++17 -c -O2 /rhe/src/librh/rhdir.cpp -o ~/.local/lib/rhdir.o
ar -r /home/aragorn/.local/lib/librh.a ~/.local/lib/rhdir.o
rm ~/.local/lib/rhdir.o
rhdir.o is now updated and archived.
~~~~~~~~~~~~~~~~~~~~~~~~~~~~~~~~~~~~~~~~~~~~~~~~~~~~~~~~~~~~~~~~~
g++ -I /rhe/include -DPLATFORM_IS_LINUX -D_GNU_SOURCE -Wall -Wextra -Wfloat-equal -Wshadow -Wcast-qual -Wcast-align -Wconversion -Wcomments -Wundef -Wunused-macros -Wold-style-cast -Woverloaded-virtual -finput-charset=UTF-8 -std=gnu++17 -c -O2 /rhe/src/librh/rhbitmap.cpp -o ~/.local/lib/rhbitmap.o
ar -r /home/aragorn/.local/lib/librh.a ~/.local/lib/rhbitmap.o
rm ~/.local/lib/rhbitmap.o
rhbitmap.o is now updated and archived.
~~~~~~~~~~~~~~~~~~~~~~~~~~~~~~~~~~~~~~~~~~~~~~~~~~~~~~~~~~~~~~~~~
g++ -I /rhe/include -DPLATFORM_IS_LINUX -D_GNU_SOURCE -Wall -Wextra -Wfloat-equal -Wshadow -Wcast-qual -Wcast-align -Wconversion -Wcomments -Wundef -Wunused-macros -Wold-style-cast -Woverloaded-virtual -finput-charset=UTF-8 -std=gnu++17 -c -O2 /rhe/src/librh/rhregex.cpp -o ~/.local/lib/rhregex.o
